<?xml version="1.0" encoding="UTF-8"?>
<!-- Generated by org.testng.reporters.JUnitReportReporter -->
<testsuite hostname="DESKTOP-M30U21G" name="com.training.sanity.tests.LoginTests" tests="1" failures="0" timestamp="31 Mar 2020 16:31:20 GMT" time="22.398" errors="0">
  <testcase name="validLoginTest" time="22.398" classname="com.training.sanity.tests.LoginTests"/>
</testsuite> <!-- com.training.sanity.tests.LoginTests -->
